<?xml version="1.0" encoding="UTF-8"?>
<!-- Generated by org.testng.reporters.JUnitReportReporter -->
<testsuite hostname="LAPTOP-41UCB964" failures="0" tests="2" name="parallel.runner" time="56.566" errors="0" timestamp="2022-01-03T18:41:29 IST" skipped="0">
  <testcase classname="parallel.runner" name="runScenario" time="21.667"/>
  <system-out/>
  <testcase classname="parallel.runner" name="runScenario" time="34.899"/>
  <system-out/>
</testsuite> <!-- parallel.runner -->
